\BOOKMARK [1][-]{section.1}{Cel projektu}{}% 1
\BOOKMARK [1][-]{section.2}{Zadanie do wykonania}{}% 2
\BOOKMARK [1][-]{section.3}{Filtrowanie danych}{}% 3
\BOOKMARK [2][-]{subsection.3.1}{Przewidywana z\233ozonosc obliczeniowa}{section.3}% 4
\BOOKMARK [2][-]{subsection.3.2}{Wyznaczona z\233ozonosc obliczeniowa}{section.3}% 5
\BOOKMARK [1][-]{section.4}{Quicksort}{}% 6
\BOOKMARK [2][-]{subsection.4.1}{Z\233ozonosc obliczenia}{section.4}% 7
\BOOKMARK [3][-]{subsubsection.4.1.1}{Przypadek optymistyczny}{subsection.4.1}% 8
\BOOKMARK [3][-]{subsubsection.4.1.2}{Przypadek przecietny}{subsection.4.1}% 9
\BOOKMARK [3][-]{subsubsection.4.1.3}{Przypadek pesymistyczny}{subsection.4.1}% 10
\BOOKMARK [2][-]{subsection.4.2}{Implementacja}{section.4}% 11
\BOOKMARK [2][-]{subsection.4.3}{Testy z\233ozonosci obliczeniowej}{section.4}% 12
\BOOKMARK [1][-]{section.5}{Mergesort}{}% 13
\BOOKMARK [2][-]{subsection.5.1}{Z\233ozonosc obliczeniowa}{section.5}% 14
\BOOKMARK [2][-]{subsection.5.2}{Implementacja}{section.5}% 15
\BOOKMARK [3][-]{subsubsection.5.2.1}{Scalanie}{subsection.5.2}% 16
\BOOKMARK [3][-]{subsubsection.5.2.2}{Sortowanie}{subsection.5.2}% 17
\BOOKMARK [2][-]{subsection.5.3}{Testy z\233ozonosci obliczeniowej}{section.5}% 18
\BOOKMARK [1][-]{section.6}{Introsort}{}% 19
\BOOKMARK [2][-]{subsection.6.1}{Z\233ozonosc obliczeniowa}{section.6}% 20
\BOOKMARK [3][-]{subsubsection.6.1.1}{Przypadek optymistyzcny}{subsection.6.1}% 21
\BOOKMARK [3][-]{subsubsection.6.1.2}{Przypadek przecietny}{subsection.6.1}% 22
\BOOKMARK [3][-]{subsubsection.6.1.3}{Przypadek pesymistyczny}{subsection.6.1}% 23
\BOOKMARK [2][-]{subsection.6.2}{Implementacja}{section.6}% 24
\BOOKMARK [3][-]{subsubsection.6.2.1}{Podzia\233}{subsection.6.2}% 25
\BOOKMARK [3][-]{subsubsection.6.2.2}{Sortowanie}{subsection.6.2}% 26
\BOOKMARK [2][-]{subsection.6.3}{Testy z\233ozonosci obliczeniowej}{section.6}% 27
\BOOKMARK [1][-]{section.7}{Dyskusja}{}% 28
\BOOKMARK [2][-]{subsection.7.1}{Czas trwania filtracji}{section.7}% 29
\BOOKMARK [2][-]{subsection.7.2}{Sortowanie}{section.7}% 30
\BOOKMARK [3][-]{subsubsection.7.2.1}{Quicksort}{subsection.7.2}% 31
\BOOKMARK [3][-]{subsubsection.7.2.2}{Mergesort}{subsection.7.2}% 32
\BOOKMARK [3][-]{subsubsection.7.2.3}{Introsort}{subsection.7.2}% 33
\BOOKMARK [1][-]{section.8}{Podsumowanie}{}% 34
\BOOKMARK [2][-]{subsection.8.1}{Czas trwania}{section.8}% 35
\BOOKMARK [2][-]{subsection.8.2}{Srednia arytmetyczna i mediana}{section.8}% 36
\BOOKMARK [2][-]{subsection.8.3}{Wnioski}{section.8}% 37
